Arguments: 
  C:\Program Files\nodejs\node.exe C:\Users\Администратор.WIN-F3C9GHHSTDU\AppData\Roaming\npm\node_modules\yarn\bin\yarn.js add -D webpack webpack-dev-serve webpack-cli html-webpack-plugin css-loader style-loader less-loader ts-loader babel-loader @babel/core

PATH: 
  C:\Program Files (x86)\Common Files\Intel\Shared Libraries\redist\intel64_win\compiler;C:\Python38\python.exe;C:\Program Files (x86)\Embarcadero\RAD Studio\7.0\bin;C:\Users\Public\Documents\RAD Studio\7.0\Bpl;C:\Program Files\Microsoft MPI\Bin\;C:\Program Files (x86)\Common Files\Oracle\Java\javapath;C:\Windows\system32;C:\Windows;C:\Windows\System32\Wbem;C:\Windows\System32\WindowsPowerShell\v1.0\;C:\Program Files (x86)\NVIDIA Corporation\PhysX\Common;C:\Program Files\Microsoft SQL Server\130\Tools\Binn\;C:\Program Files\OpenVPN\bin;C:\Program Files\PremiumSoft\Navicat Premium 12\;C:\Program Files (x86)\Microsoft SQL Server\100\Tools\Binn\;C:\Program Files\Microsoft SQL Server\100\Tools\Binn\;C:\Program Files\Microsoft SQL Server\100\DTS\Binn\;C:\Program Files (x86)\Microsoft SQL Server\100\Tools\Binn\VSShell\Common7\IDE\;C:\Program Files (x86)\Microsoft Visual Studio 9.0\Common7\IDE\PrivateAssemblies\;C:\Program Files (x86)\Microsoft SQL Server\100\DTS\Binn\;C:\Program Files\Microsoft SQL Server\150\Tools\Binn\;C:\Program Files\Microsoft SQL Server\Client SDK\ODBC\170\Tools\Binn\;C:\Program Files\dotnet\;C:\Program Files\nodejs\;C:\Program Files\Git\cmd;C:\Users\Администратор.WIN-F3C9GHHSTDU\AppData\Local\Programs\Python\Python38-32\Scripts\;C:\Users\Администратор.WIN-F3C9GHHSTDU\AppData\Local\Programs\Python\Python38-32\;C:\Python38\Scripts\;C:\Python38\;C:\Program Files (x86)\Embarcadero\RAD Studio\7.0\COMPONENTS\Parser;C:\Users\Администратор.WIN-F3C9GHHSTDU\AppData\Local\Microsoft\WindowsApps;C:\Program Files\JetBrains\PyCharm 2020.1\bin;;C:\Program Files\JetBrains\PyCharm Community Edition 2020.1\bin;;C:\Program Files\PremiumSoft\Navicat Premium 12\;C:\Users\Администратор.WIN-F3C9GHHSTDU\.dotnet\tools;C:\Program Files\Azure Data Studio\bin;C:\Users\Администратор.WIN-F3C9GHHSTDU\AppData\Local\Programs\Microsoft VS Code\bin;C:\Users\Администратор.WIN-F3C9GHHSTDU\.dotnet\tools;C:\Users\Администратор.WIN-F3C9GHHSTDU\AppData\Roaming\npm;C:\Program Files\JetBrains\WebStorm 2023.1\bin;;C:\Users\Администратор.WIN-F3C9GHHSTDU\Desktop\it-companies\it-front\node_modules\.bin

Yarn version: 
  1.22.19

Node version: 
  18.14.0

Platform: 
  win32 x64

Trace: 
  Error: https://registry.yarnpkg.com/webpack-dev-serve: Not found
      at params.callback [as _callback] (C:\Users\Администратор.WIN-F3C9GHHSTDU\AppData\Roaming\npm\node_modules\yarn\lib\cli.js:66145:18)
      at self.callback (C:\Users\Администратор.WIN-F3C9GHHSTDU\AppData\Roaming\npm\node_modules\yarn\lib\cli.js:140890:22)
      at Request.emit (node:events:513:28)
      at Request.<anonymous> (C:\Users\Администратор.WIN-F3C9GHHSTDU\AppData\Roaming\npm\node_modules\yarn\lib\cli.js:141862:10)
      at Request.emit (node:events:513:28)
      at IncomingMessage.<anonymous> (C:\Users\Администратор.WIN-F3C9GHHSTDU\AppData\Roaming\npm\node_modules\yarn\lib\cli.js:141784:12)
      at Object.onceWrapper (node:events:627:28)
      at IncomingMessage.emit (node:events:525:35)
      at endReadableNT (node:internal/streams/readable:1359:12)
      at process.processTicksAndRejections (node:internal/process/task_queues:82:21)

npm manifest: 
  {
    "name": "it-front",
    "version": "1.0.0",
    "main": "index.js",
    "license": "MIT"
  }

yarn manifest: 
  No manifest

Lockfile: 
  No lockfile
